2022.09.11 19:48:44 INFO  tracing is disabled for protocol LSP, to enable tracing of incoming and outgoing JSON messages create an empty file at g:\New folder\2nd Year\SCS2204 Functional Programming\Prc\Tutorial_7\.metals\lsp.trace.json or C:\Users\DELL™\AppData\Local\scalameta\metals\cache\lsp.trace.json
2022.09.11 19:48:54 INFO  logging to file G:\New folder\2nd Year\SCS2204 Functional Programming\Prc\Tutorial_7\.metals\metals.log
2022.09.11 19:48:54 INFO  Started: Metals version 0.11.8+38-1832a3cf-SNAPSHOT in workspace 'G:\New folder\2nd Year\SCS2204 Functional Programming\Prc\Tutorial_7' for client Visual Studio Code 1.71.0.
2022.09.11 19:49:05 INFO  time: initialize in 12s
2022.09.11 19:49:09 WARN  Build server is not auto-connectable.
2022.09.11 19:49:09 WARN  no build tool detected in workspace 'G:\New folder\2nd Year\SCS2204 Functional Programming\Prc\Tutorial_7'. The most common cause for this problem is that the editor was opened in the wrong working directory, for example if you use sbt then the workspace directory should contain build.sbt. 
2022.09.11 19:49:09 WARN  no build target for: G:\New folder\2nd Year\SCS2204 Functional Programming\Prc\Tutorial_7\Q1.scala
2022.09.11 19:50:08 INFO  no build target found for G:\New folder\2nd Year\SCS2204 Functional Programming\Prc\Tutorial_7\Q1.scala. Using presentation compiler with project's scala-library version: 3.1.3
2022.09.11 19:50:27 INFO  time: code lens generation in 1m12s
2022.09.11 19:50:27 INFO  time: code lens generation in 1m12s
2022.09.11 19:55:19 WARN  no build target for: G:\New folder\2nd Year\SCS2204 Functional Programming\Prc\Tutorial_7\Q1.scala
Sep 11, 2022 7:59:32 PM org.eclipse.lsp4j.jsonrpc.RemoteEndpoint handleCancellation
WARNING: Unmatched cancel notification for request id 119
Sep 11, 2022 7:59:46 PM org.eclipse.lsp4j.jsonrpc.RemoteEndpoint handleCancellation
WARNING: Unmatched cancel notification for request id 162
Sep 11, 2022 8:01:01 PM org.eclipse.lsp4j.jsonrpc.RemoteEndpoint handleCancellation
WARNING: Unmatched cancel notification for request id 320
2022.09.11 20:02:29 WARN  no build target for: G:\New folder\2nd Year\SCS2204 Functional Programming\Prc\Tutorial_7\Q1.scala
2022.09.11 20:11:10 WARN  no build target for: G:\New folder\2nd Year\SCS2204 Functional Programming\Prc\Tutorial_7\Q1.scala
Sep 11, 2022 8:11:36 PM org.eclipse.lsp4j.jsonrpc.RemoteEndpoint handleCancellation
WARNING: Unmatched cancel notification for request id 652
Sep 11, 2022 8:11:36 PM org.eclipse.lsp4j.jsonrpc.RemoteEndpoint handleCancellation
WARNING: Unmatched cancel notification for request id 653
Sep 11, 2022 8:11:41 PM org.eclipse.lsp4j.jsonrpc.RemoteEndpoint handleCancellation
WARNING: Unmatched cancel notification for request id 688
Sep 11, 2022 8:11:41 PM org.eclipse.lsp4j.jsonrpc.RemoteEndpoint handleCancellation
WARNING: Unmatched cancel notification for request id 686
2022.09.11 20:11:45 WARN  no build target for: G:\New folder\2nd Year\SCS2204 Functional Programming\Prc\Tutorial_7\Q1.scala
2022.09.11 20:17:13 WARN  no build target for: G:\New folder\2nd Year\SCS2204 Functional Programming\Prc\Tutorial_7\Q1.scala
2022.09.11 20:19:05 WARN  no build target for: G:\New folder\2nd Year\SCS2204 Functional Programming\Prc\Tutorial_7\Q2.scala
2022.09.11 20:20:25 WARN  no build target for: G:\New folder\2nd Year\SCS2204 Functional Programming\Prc\Tutorial_7\Q2.scala
2022.09.11 20:22:13 WARN  no build target for: G:\New folder\2nd Year\SCS2204 Functional Programming\Prc\Tutorial_7\Q2.scala
Sep 11, 2022 8:44:25 PM org.eclipse.lsp4j.jsonrpc.RemoteEndpoint handleCancellation
WARNING: Unmatched cancel notification for request id 1390
2022.09.11 20:53:06 WARN  no build target for: G:\New folder\2nd Year\SCS2204 Functional Programming\Prc\Tutorial_7\Q2.scala
2022.09.11 20:55:54 WARN  no build target for: G:\New folder\2nd Year\SCS2204 Functional Programming\Prc\Tutorial_7\Q2.scala
2022.09.11 20:56:15 WARN  no build target for: G:\New folder\2nd Year\SCS2204 Functional Programming\Prc\Tutorial_7\Q2.scala
2022.09.11 20:56:33 WARN  no build target for: G:\New folder\2nd Year\SCS2204 Functional Programming\Prc\Tutorial_7\Q2.scala
Sep 11, 2022 8:58:27 PM org.eclipse.lsp4j.jsonrpc.RemoteEndpoint handleCancellation
WARNING: Unmatched cancel notification for request id 2127
2022.09.11 21:00:11 WARN  no build target for: G:\New folder\2nd Year\SCS2204 Functional Programming\Prc\Tutorial_7\Q2.scala
2022.09.11 21:00:50 WARN  no build target for: G:\New folder\2nd Year\SCS2204 Functional Programming\Prc\Tutorial_7\Q3.scala
2022.09.11 21:12:15 WARN  no build target for: G:\New folder\2nd Year\SCS2204 Functional Programming\Prc\Tutorial_7\Q2.scala
2022.09.11 22:14:40 WARN  no build target for: G:\New folder\2nd Year\SCS2204 Functional Programming\Prc\Tutorial_7\Q3.scala
2022.09.11 22:21:59 WARN  no build target for: G:\New folder\2nd Year\SCS2204 Functional Programming\Prc\Tutorial_7\Q3.scala
2022.09.11 22:26:07 WARN  no build target for: G:\New folder\2nd Year\SCS2204 Functional Programming\Prc\Tutorial_7\Q3.scala
2022.09.11 22:26:36 WARN  no build target for: G:\New folder\2nd Year\SCS2204 Functional Programming\Prc\Tutorial_7\Q3.scala
2022.09.11 22:26:42 WARN  no build target for: G:\New folder\2nd Year\SCS2204 Functional Programming\Prc\Tutorial_7\Q4.scala
2022.09.11 23:47:14 WARN  no build target for: G:\New folder\2nd Year\SCS2204 Functional Programming\Prc\Tutorial_7\Q4.scala
2022.09.11 23:47:17 INFO  shutting down Metals
2022.09.12 14:04:10 INFO  tracing is disabled for protocol LSP, to enable tracing of incoming and outgoing JSON messages create an empty file at g:\New folder\2nd Year\SCS2204 Functional Programming\Prc\Tutorial_7\.metals\lsp.trace.json or C:\Users\DELL™\AppData\Local\scalameta\metals\cache\lsp.trace.json
2022.09.12 14:04:24 INFO  logging to file G:\New folder\2nd Year\SCS2204 Functional Programming\Prc\Tutorial_7\.metals\metals.log
2022.09.12 14:04:24 INFO  Started: Metals version 0.11.8+38-1832a3cf-SNAPSHOT in workspace 'G:\New folder\2nd Year\SCS2204 Functional Programming\Prc\Tutorial_7' for client Visual Studio Code 1.71.0.
2022.09.12 14:04:40 INFO  time: initialize in 16s
2022.09.12 14:04:43 WARN  Build server is not auto-connectable.
2022.09.12 14:04:43 WARN  no build tool detected in workspace 'G:\New folder\2nd Year\SCS2204 Functional Programming\Prc\Tutorial_7'. The most common cause for this problem is that the editor was opened in the wrong working directory, for example if you use sbt then the workspace directory should contain build.sbt. 
2022.09.12 14:04:43 WARN  no build target for: G:\New folder\2nd Year\SCS2204 Functional Programming\Prc\Tutorial_7\Q4.scala
2022.09.12 14:05:01 INFO  no build target found for G:\New folder\2nd Year\SCS2204 Functional Programming\Prc\Tutorial_7\Q4.scala. Using presentation compiler with project's scala-library version: 3.1.3
Sep 12, 2022 2:07:45 PM org.eclipse.lsp4j.jsonrpc.services.GenericEndpoint notify
INFO: Unsupported notification method: $/setTrace
2022.09.12 15:35:47 INFO  shutting down Metals
2022.09.12 16:12:47 INFO  tracing is disabled for protocol LSP, to enable tracing of incoming and outgoing JSON messages create an empty file at g:\New folder\2nd Year\SCS2204 Functional Programming\Prc\Tutorial_7\.metals\lsp.trace.json or C:\Users\DELL™\AppData\Local\scalameta\metals\cache\lsp.trace.json
2022.09.12 16:12:55 INFO  logging to file G:\New folder\2nd Year\SCS2204 Functional Programming\Prc\Tutorial_7\.metals\metals.log
2022.09.12 16:12:55 INFO  Started: Metals version 0.11.8+38-1832a3cf-SNAPSHOT in workspace 'G:\New folder\2nd Year\SCS2204 Functional Programming\Prc\Tutorial_7' for client Visual Studio Code 1.71.0.
2022.09.12 16:13:08 INFO  time: initialize in 13s
2022.09.12 16:13:11 WARN  Build server is not auto-connectable.
2022.09.12 16:13:11 WARN  no build tool detected in workspace 'G:\New folder\2nd Year\SCS2204 Functional Programming\Prc\Tutorial_7'. The most common cause for this problem is that the editor was opened in the wrong working directory, for example if you use sbt then the workspace directory should contain build.sbt. 
2022.09.12 16:13:11 WARN  no build target for: G:\New folder\2nd Year\SCS2204 Functional Programming\Prc\Tutorial_7\Q4.scala
2022.09.12 16:13:27 INFO  no build target found for G:\New folder\2nd Year\SCS2204 Functional Programming\Prc\Tutorial_7\Q4.scala. Using presentation compiler with project's scala-library version: 3.1.3
2022.09.12 16:13:39 INFO  time: code lens generation in 22s
2022.09.12 16:13:39 INFO  time: code lens generation in 22s
2022.09.12 16:18:14 WARN  no build target for: G:\New folder\2nd Year\SCS2204 Functional Programming\Prc\Tutorial_7\Q4.scala
2022.09.12 16:19:53 WARN  no build target for: G:\New folder\2nd Year\SCS2204 Functional Programming\Prc\Tutorial_7\Q3.scala
2022.09.12 16:33:06 WARN  no build target for: G:\New folder\2nd Year\SCS2204 Functional Programming\Prc\Tutorial_7\Q4.scala
2022.09.12 16:45:33 INFO  shutting down Metals
2022.09.12 18:09:15 INFO  tracing is disabled for protocol LSP, to enable tracing of incoming and outgoing JSON messages create an empty file at g:\New folder\2nd Year\SCS2204 Functional Programming\Prc\Tutorial_7\.metals\lsp.trace.json or C:\Users\DELL™\AppData\Local\scalameta\metals\cache\lsp.trace.json
2022.09.12 18:09:20 INFO  logging to file G:\New folder\2nd Year\SCS2204 Functional Programming\Prc\Tutorial_7\.metals\metals.log
2022.09.12 18:09:20 INFO  Started: Metals version 0.11.8+38-1832a3cf-SNAPSHOT in workspace 'G:\New folder\2nd Year\SCS2204 Functional Programming\Prc\Tutorial_7' for client Visual Studio Code 1.71.0.
2022.09.12 18:09:29 INFO  time: initialize in 8.7s
2022.09.12 18:09:30 WARN  Build server is not auto-connectable.
2022.09.12 18:09:30 WARN  no build tool detected in workspace 'G:\New folder\2nd Year\SCS2204 Functional Programming\Prc\Tutorial_7'. The most common cause for this problem is that the editor was opened in the wrong working directory, for example if you use sbt then the workspace directory should contain build.sbt. 
2022.09.12 18:09:30 WARN  no build target for: G:\New folder\2nd Year\SCS2204 Functional Programming\Prc\Tutorial_7\Q4.scala
2022.09.12 18:09:41 INFO  no build target found for G:\New folder\2nd Year\SCS2204 Functional Programming\Prc\Tutorial_7\Q4.scala. Using presentation compiler with project's scala-library version: 3.1.3
2022.09.12 18:09:50 INFO  time: code lens generation in 10s
2022.09.12 18:09:50 INFO  time: code lens generation in 10s
2022.09.12 18:30:41 INFO  time: code lens generation in 1.22s
2022.09.12 18:33:12 WARN  no build target for: G:\New folder\2nd Year\SCS2204 Functional Programming\Prc\Tutorial_7\Q4.scala
2022.09.12 18:33:53 WARN  no build target for: G:\New folder\2nd Year\SCS2204 Functional Programming\Prc\Tutorial_7\Q4.scala
Sep 12, 2022 6:36:23 PM org.eclipse.lsp4j.jsonrpc.RemoteEndpoint handleCancellation
WARNING: Unmatched cancel notification for request id 374
2022.09.12 18:36:46 WARN  no build target for: G:\New folder\2nd Year\SCS2204 Functional Programming\Prc\Tutorial_7\Q4.scala
2022.09.12 18:36:48 WARN  no build target for: G:\New folder\2nd Year\SCS2204 Functional Programming\Prc\Tutorial_7\Q3.scala
2022.09.12 18:36:50 WARN  no build target for: G:\New folder\2nd Year\SCS2204 Functional Programming\Prc\Tutorial_7\Q2.scala
2022.09.12 18:36:51 WARN  no build target for: G:\New folder\2nd Year\SCS2204 Functional Programming\Prc\Tutorial_7\Q1.scala
2022.09.12 18:38:32 WARN  no build target for: G:\New folder\2nd Year\SCS2204 Functional Programming\Prc\Tutorial_7\Q1.scala
2022.09.12 18:44:14 INFO  shutting down Metals
2022.09.12 21:25:44 INFO  tracing is disabled for protocol LSP, to enable tracing of incoming and outgoing JSON messages create an empty file at g:\New folder\2nd Year\SCS2204 Functional Programming\Prc\Tutorial_7\.metals\lsp.trace.json or C:\Users\DELL™\AppData\Local\scalameta\metals\cache\lsp.trace.json
2022.09.12 21:25:51 INFO  logging to file G:\New folder\2nd Year\SCS2204 Functional Programming\Prc\Tutorial_7\.metals\metals.log
2022.09.12 21:25:51 INFO  Started: Metals version 0.11.8+38-1832a3cf-SNAPSHOT in workspace 'G:\New folder\2nd Year\SCS2204 Functional Programming\Prc\Tutorial_7' for client Visual Studio Code 1.71.0.
2022.09.12 21:26:00 INFO  time: initialize in 9.26s
2022.09.12 21:26:02 WARN  Build server is not auto-connectable.
2022.09.12 21:26:02 WARN  no build tool detected in workspace 'G:\New folder\2nd Year\SCS2204 Functional Programming\Prc\Tutorial_7'. The most common cause for this problem is that the editor was opened in the wrong working directory, for example if you use sbt then the workspace directory should contain build.sbt. 
2022.09.12 21:26:02 WARN  no build target for: G:\New folder\2nd Year\SCS2204 Functional Programming\Prc\Tutorial_7\Q1.scala
2022.09.12 21:26:02 WARN  no build target for: G:\New folder\2nd Year\SCS2204 Functional Programming\Prc\Tutorial_7\Q2.scala
2022.09.12 21:26:33 INFO  no build target found for G:\New folder\2nd Year\SCS2204 Functional Programming\Prc\Tutorial_7\Q2.scala. Using presentation compiler with project's scala-library version: 3.1.3
2022.09.12 21:26:45 INFO  time: code lens generation in 37s
